<?xml version="1.0" encoding="UTF-8"?>
<!-- Generated by org.testng.reporters.JUnitReportReporter -->
<testsuite hostname="3CD92B4C1826" name="com.anjuke.ui.testcase.AnjukeCancelRecommendHouse" tests="2" failures="0" timestamp="6 Aug 2012 08:00:09 GMT" time="67.169" errors="2">
  <testcase name="testCancelRecommendBuyHouse" time="36.451" classname="com.anjuke.ui.testcase.AnjukeCancelRecommendHouse">
    <error type="java.lang.AssertionError" message="locator is null ">
      <![CDATA[java.lang.AssertionError: locator is null 
	at org.testng.Assert.fail(Assert.java:89)
	at com.anjukeinc.iata.ui.browser.Browser.fail(Browser.java:657)
	at com.anjukeinc.iata.ui.browser.Browser.error(Browser.java:164)
	at com.anjukeinc.iata.ui.browser.Browser.wait(Browser.java:248)
	at com.anjukeinc.iata.ui.browser.Browser.check(Browser.java:185)
	at com.anjukeinc.iata.ui.browser.Browser.check(Browser.java:174)
	at com.anjuke.ui.publicfunction.PublicProcess.dologin(PublicProcess.java:166)
	at com.anjuke.ui.testcase.AnjukeCancelRecommendHouse.cancelRecommendHouse(AnjukeCancelRecommendHouse.java:73)
	at com.anjuke.ui.testcase.AnjukeCancelRecommendHouse.testCancelRecommendBuyHouse(AnjukeCancelRecommendHouse.java:46)
	at sun.reflect.NativeMethodAccessorImpl.invoke0(Native Method)
	at sun.reflect.NativeMethodAccessorImpl.invoke(NativeMethodAccessorImpl.java:39)
	at sun.reflect.DelegatingMethodAccessorImpl.invoke(DelegatingMethodAccessorImpl.java:25)
	at java.lang.reflect.Method.invoke(Method.java:597)
	at org.testng.internal.MethodInvocationHelper.invokeMethod(MethodInvocationHelper.java:80)
	at org.testng.internal.Invoker.invokeMethod(Invoker.java:702)
	at org.testng.internal.Invoker.invokeTestMethod(Invoker.java:894)
	at org.testng.internal.Invoker.invokeTestMethods(Invoker.java:1219)
	at org.testng.internal.TestMethodWorker.invokeTestMethods(TestMethodWorker.java:127)
	at org.testng.internal.TestMethodWorker.run(TestMethodWorker.java:111)
	at org.testng.TestRunner.privateRun(TestRunner.java:767)
	at org.testng.TestRunner.run(TestRunner.java:617)
	at org.testng.SuiteRunner.runTest(SuiteRunner.java:334)
	at org.testng.SuiteRunner.runSequentially(SuiteRunner.java:329)
	at org.testng.SuiteRunner.privateRun(SuiteRunner.java:291)
	at org.testng.SuiteRunner.run(SuiteRunner.java:240)
	at org.testng.SuiteRunnerWorker.runSuite(SuiteRunnerWorker.java:53)
	at org.testng.SuiteRunnerWorker.run(SuiteRunnerWorker.java:87)
	at org.testng.TestNG.runSuitesSequentially(TestNG.java:1197)
	at org.testng.TestNG.runSuitesLocally(TestNG.java:1122)
	at org.testng.TestNG.run(TestNG.java:1030)
	at org.testng.remote.RemoteTestNG.run(RemoteTestNG.java:111)
	at org.testng.remote.RemoteTestNG.initAndRun(RemoteTestNG.java:204)
	at org.testng.remote.RemoteTestNG.main(RemoteTestNG.java:175)
]]>
    </error>
  </testcase> <!-- testCancelRecommendBuyHouse -->
  <testcase name="testCancelRecommendRentHouse" time="30.718" classname="com.anjuke.ui.testcase.AnjukeCancelRecommendHouse">
    <error type="java.lang.AssertionError" message="locator is null ">
      <![CDATA[java.lang.AssertionError: locator is null 
	at org.testng.Assert.fail(Assert.java:89)
	at com.anjukeinc.iata.ui.browser.Browser.fail(Browser.java:657)
	at com.anjukeinc.iata.ui.browser.Browser.error(Browser.java:164)
	at com.anjukeinc.iata.ui.browser.Browser.wait(Browser.java:248)
	at com.anjukeinc.iata.ui.browser.Browser.check(Browser.java:185)
	at com.anjukeinc.iata.ui.browser.Browser.check(Browser.java:174)
	at com.anjuke.ui.publicfunction.PublicProcess.dologin(PublicProcess.java:166)
	at com.anjuke.ui.testcase.AnjukeCancelRecommendHouse.cancelRecommendHouse(AnjukeCancelRecommendHouse.java:73)
	at com.anjuke.ui.testcase.AnjukeCancelRecommendHouse.testCancelRecommendRentHouse(AnjukeCancelRecommendHouse.java:53)
	at sun.reflect.NativeMethodAccessorImpl.invoke0(Native Method)
	at sun.reflect.NativeMethodAccessorImpl.invoke(NativeMethodAccessorImpl.java:39)
	at sun.reflect.DelegatingMethodAccessorImpl.invoke(DelegatingMethodAccessorImpl.java:25)
	at java.lang.reflect.Method.invoke(Method.java:597)
	at org.testng.internal.MethodInvocationHelper.invokeMethod(MethodInvocationHelper.java:80)
	at org.testng.internal.Invoker.invokeMethod(Invoker.java:702)
	at org.testng.internal.Invoker.invokeTestMethod(Invoker.java:894)
	at org.testng.internal.Invoker.invokeTestMethods(Invoker.java:1219)
	at org.testng.internal.TestMethodWorker.invokeTestMethods(TestMethodWorker.java:127)
	at org.testng.internal.TestMethodWorker.run(TestMethodWorker.java:111)
	at org.testng.TestRunner.privateRun(TestRunner.java:767)
	at org.testng.TestRunner.run(TestRunner.java:617)
	at org.testng.SuiteRunner.runTest(SuiteRunner.java:334)
	at org.testng.SuiteRunner.runSequentially(SuiteRunner.java:329)
	at org.testng.SuiteRunner.privateRun(SuiteRunner.java:291)
	at org.testng.SuiteRunner.run(SuiteRunner.java:240)
	at org.testng.SuiteRunnerWorker.runSuite(SuiteRunnerWorker.java:53)
	at org.testng.SuiteRunnerWorker.run(SuiteRunnerWorker.java:87)
	at org.testng.TestNG.runSuitesSequentially(TestNG.java:1197)
	at org.testng.TestNG.runSuitesLocally(TestNG.java:1122)
	at org.testng.TestNG.run(TestNG.java:1030)
	at org.testng.remote.RemoteTestNG.run(RemoteTestNG.java:111)
	at org.testng.remote.RemoteTestNG.initAndRun(RemoteTestNG.java:204)
	at org.testng.remote.RemoteTestNG.main(RemoteTestNG.java:175)
]]>
    </error>
  </testcase> <!-- testCancelRecommendRentHouse -->
</testsuite> <!-- com.anjuke.ui.testcase.AnjukeCancelRecommendHouse -->
