<?xml version="1.0" encoding="UTF-8"?>
<!-- Generated by org.testng.reporters.JUnitReportReporter -->
<testsuite hostname="3CD92B4C1826" name="com.anjuke.ui.testcase.AnjukeCheckAds" tests="1" failures="1" timestamp="26 Jul 2012 10:56:51 GMT" time="0.000" errors="0">
  <testcase name="testSart" time="0.000" classname="com.anjuke.ui.testcase.AnjukeCheckAds">
    <failure type="org.openqa.selenium.WebDriverException" message="Unable to either launch or connect to Chrome. Please check that ChromeDriver is up-to-date. Using Chrome binary at: C:\Program Files\Google\Chrome\Application\chrome.exe (WARNING: The server did not provide any stacktrace information)
Command duration or timeout: 90.69 seconds
Build info: version: &#039;2.21.0&#039;, revision: &#039;16552&#039;, time: &#039;2012-04-11 19:09:00&#039;
System info: os.name: &#039;Windows XP&#039;, os.arch: &#039;x86&#039;, os.version: &#039;5.1&#039;, java.version: &#039;1.6.0_02&#039;
Driver info: driver.version: ChromeDriver">
      <![CDATA[org.openqa.selenium.WebDriverException: Unable to either launch or connect to Chrome. Please check that ChromeDriver is up-to-date. Using Chrome binary at: C:\Program Files\Google\Chrome\Application\chrome.exe (WARNING: The server did not provide any stacktrace information)
Command duration or timeout: 90.69 seconds
Build info: version: '2.21.0', revision: '16552', time: '2012-04-11 19:09:00'
System info: os.name: 'Windows XP', os.arch: 'x86', os.version: '5.1', java.version: '1.6.0_02'
Driver info: driver.version: ChromeDriver
	at sun.reflect.NativeConstructorAccessorImpl.newInstance0(Native Method)
	at sun.reflect.NativeConstructorAccessorImpl.newInstance(NativeConstructorAccessorImpl.java:39)
	at sun.reflect.DelegatingConstructorAccessorImpl.newInstance(DelegatingConstructorAccessorImpl.java:27)
	at java.lang.reflect.Constructor.newInstance(Constructor.java:513)
	at org.openqa.selenium.remote.ErrorHandler.createThrowable(ErrorHandler.java:175)
	at org.openqa.selenium.remote.ErrorHandler.throwIfResponseFailed(ErrorHandler.java:128)
	at org.openqa.selenium.remote.RemoteWebDriver.execute(RemoteWebDriver.java:459)
	at org.openqa.selenium.remote.RemoteWebDriver.startSession(RemoteWebDriver.java:140)
	at org.openqa.selenium.remote.RemoteWebDriver.<init>(RemoteWebDriver.java:95)
	at org.openqa.selenium.chrome.ChromeDriver.<init>(ChromeDriver.java:144)
	at org.openqa.selenium.chrome.ChromeDriver.<init>(ChromeDriver.java:120)
	at com.anjukeinc.iata.ui.browser.FactoryBrowser.setDriver(FactoryBrowser.java:83)
	at com.anjukeinc.iata.ui.browser.FactoryBrowser.factoryBrowser(FactoryBrowser.java:27)
	at com.anjuke.ui.testcase.AnjukeCheckAds.setUp(AnjukeCheckAds.java:23)
	at sun.reflect.NativeMethodAccessorImpl.invoke0(Native Method)
	at sun.reflect.NativeMethodAccessorImpl.invoke(NativeMethodAccessorImpl.java:39)
	at sun.reflect.DelegatingMethodAccessorImpl.invoke(DelegatingMethodAccessorImpl.java:25)
	at java.lang.reflect.Method.invoke(Method.java:597)
	at org.testng.internal.MethodInvocationHelper.invokeMethod(MethodInvocationHelper.java:80)
	at org.testng.internal.Invoker.invokeConfigurationMethod(Invoker.java:551)
	at org.testng.internal.Invoker.invokeConfigurations(Invoker.java:213)
	at org.testng.internal.Invoker.invokeMethod(Invoker.java:640)
	at org.testng.internal.Invoker.invokeTestMethod(Invoker.java:894)
	at org.testng.internal.Invoker.invokeTestMethods(Invoker.java:1219)
	at org.testng.internal.TestMethodWorker.invokeTestMethods(TestMethodWorker.java:127)
	at org.testng.internal.TestMethodWorker.run(TestMethodWorker.java:111)
	at org.testng.TestRunner.privateRun(TestRunner.java:767)
	at org.testng.TestRunner.run(TestRunner.java:617)
	at org.testng.SuiteRunner.runTest(SuiteRunner.java:334)
	at org.testng.SuiteRunner.runSequentially(SuiteRunner.java:329)
	at org.testng.SuiteRunner.privateRun(SuiteRunner.java:291)
	at org.testng.SuiteRunner.run(SuiteRunner.java:240)
	at org.testng.SuiteRunnerWorker.runSuite(SuiteRunnerWorker.java:53)
	at org.testng.SuiteRunnerWorker.run(SuiteRunnerWorker.java:87)
	at org.testng.TestNG.runSuitesSequentially(TestNG.java:1197)
	at org.testng.TestNG.runSuitesLocally(TestNG.java:1122)
	at org.testng.TestNG.run(TestNG.java:1030)
	at org.testng.remote.RemoteTestNG.run(RemoteTestNG.java:111)
	at org.testng.remote.RemoteTestNG.initAndRun(RemoteTestNG.java:204)
	at org.testng.remote.RemoteTestNG.main(RemoteTestNG.java:175)
]]>
    </failure>
  </testcase> <!-- testSart -->
</testsuite> <!-- com.anjuke.ui.testcase.AnjukeCheckAds -->
